c:\users\simon\projekti\eduvpn\edued25519\libsodium\obj\libsodium\win32\debug\v141\ltcg\aead_chacha20poly1305.obj
c:\users\simon\projekti\eduvpn\edued25519\libsodium\obj\libsodium\win32\debug\v141\ltcg\crypto_box.obj
c:\users\simon\projekti\eduvpn\edued25519\libsodium\obj\libsodium\win32\debug\v141\ltcg\box_curve25519xsalsa20poly1305.obj
c:\users\simon\projekti\eduvpn\edued25519\libsodium\obj\libsodium\win32\debug\v141\ltcg\curve25519_ref10.obj
c:\users\simon\projekti\eduvpn\edued25519\libsodium\obj\libsodium\win32\debug\v141\ltcg\crypto_generichash.obj
c:\users\simon\projekti\eduvpn\edued25519\libsodium\obj\libsodium\win32\debug\v141\ltcg\blake2b-compress-ref.obj
c:\users\simon\projekti\eduvpn\edued25519\libsodium\obj\libsodium\win32\debug\v141\ltcg\generichash_blake2b.obj
c:\users\simon\projekti\eduvpn\edued25519\libsodium\obj\libsodium\win32\debug\v141\ltcg\hash_sha256.obj
c:\users\simon\projekti\eduvpn\edued25519\libsodium\obj\libsodium\win32\debug\v141\ltcg\crypto_kdf.obj
c:\users\simon\projekti\eduvpn\edued25519\libsodium\obj\libsodium\win32\debug\v141\ltcg\crypto_kx.obj
c:\users\simon\projekti\eduvpn\edued25519\libsodium\obj\libsodium\win32\debug\v141\ltcg\poly1305_donna.obj
c:\users\simon\projekti\eduvpn\edued25519\libsodium\obj\libsodium\win32\debug\v141\ltcg\argon2-fill-block-ref.obj
c:\users\simon\projekti\eduvpn\edued25519\libsodium\obj\libsodium\win32\debug\v141\ltcg\pwhash_argon2i.obj
c:\users\simon\projekti\eduvpn\edued25519\libsodium\obj\libsodium\win32\debug\v141\ltcg\pbkdf2-sha256.obj
c:\users\simon\projekti\eduvpn\edued25519\libsodium\obj\libsodium\win32\debug\v141\ltcg\pwhash_scryptsalsa208sha256_sse.obj
c:\users\simon\projekti\eduvpn\edued25519\libsodium\obj\libsodium\win32\debug\v141\ltcg\crypto_secretbox_easy.obj
c:\users\simon\projekti\eduvpn\edued25519\libsodium\obj\libsodium\win32\debug\v141\ltcg\sign_ed25519.obj
c:\users\simon\projekti\eduvpn\edued25519\libsodium\obj\libsodium\win32\debug\v141\ltcg\open.obj
c:\users\simon\projekti\eduvpn\edued25519\libsodium\obj\libsodium\win32\debug\v141\ltcg\stream_aes128ctr.obj
c:\users\simon\projekti\eduvpn\edued25519\libsodium\obj\libsodium\win32\debug\v141\ltcg\consts_aes128ctr.obj
c:\users\simon\projekti\eduvpn\edued25519\libsodium\obj\libsodium\win32\debug\v141\ltcg\stream_aes128ctr_nacl.obj
c:\users\simon\projekti\eduvpn\edued25519\libsodium\obj\libsodium\win32\debug\v141\ltcg\chacha20_dolbeau-avx2.obj
c:\users\simon\projekti\eduvpn\edued25519\libsodium\obj\libsodium\win32\debug\v141\ltcg\chacha20_ref.obj
c:\users\simon\projekti\eduvpn\edued25519\libsodium\obj\libsodium\win32\debug\v141\ltcg\stream_salsa2012.obj
c:\users\simon\projekti\eduvpn\edued25519\libsodium\obj\libsodium\win32\debug\v141\ltcg\stream_salsa208_ref.obj
c:\users\simon\projekti\eduvpn\edued25519\libsodium\obj\libsodium\win32\debug\v141\ltcg\randombytes_salsa20_random.obj
c:\users\simon\projekti\eduvpn\edued25519\libsodium\obj\libsodium\win32\debug\v141\ltcg\aead_aes256gcm_aesni.obj
c:\users\simon\projekti\eduvpn\edued25519\libsodium\obj\libsodium\win32\debug\v141\ltcg\auth_hmacsha512256.obj
c:\users\simon\projekti\eduvpn\edued25519\libsodium\obj\libsodium\win32\debug\v141\ltcg\crypto_box_easy.obj
c:\users\simon\projekti\eduvpn\edued25519\libsodium\obj\libsodium\win32\debug\v141\ltcg\core_hchacha20.obj
c:\users\simon\projekti\eduvpn\edued25519\libsodium\obj\libsodium\win32\debug\v141\ltcg\generichash_blake2.obj
c:\users\simon\projekti\eduvpn\edued25519\libsodium\obj\libsodium\win32\debug\v141\ltcg\blake2b-compress-sse41.obj
c:\users\simon\projekti\eduvpn\edued25519\libsodium\obj\libsodium\win32\debug\v141\ltcg\crypto_hash.obj
c:\users\simon\projekti\eduvpn\edued25519\libsodium\obj\libsodium\win32\debug\v141\ltcg\hash_sha512_cp.obj
c:\users\simon\projekti\eduvpn\edued25519\libsodium\obj\libsodium\win32\debug\v141\ltcg\onetimeauth_poly1305.obj
c:\users\simon\projekti\eduvpn\edued25519\libsodium\obj\libsodium\win32\debug\v141\ltcg\argon2-encoding.obj
c:\users\simon\projekti\eduvpn\edued25519\libsodium\obj\libsodium\win32\debug\v141\ltcg\blake2b-long.obj
c:\users\simon\projekti\eduvpn\edued25519\libsodium\obj\libsodium\win32\debug\v141\ltcg\pwhash_scryptsalsa208sha256.obj
c:\users\simon\projekti\eduvpn\edued25519\libsodium\obj\libsodium\win32\debug\v141\ltcg\crypto_scalarmult.obj
c:\users\simon\projekti\eduvpn\edued25519\libsodium\obj\libsodium\win32\debug\v141\ltcg\curve25519_donna_c64.obj
c:\users\simon\projekti\eduvpn\edued25519\libsodium\obj\libsodium\win32\debug\v141\ltcg\fe51_invert.obj
c:\users\simon\projekti\eduvpn\edued25519\libsodium\obj\libsodium\win32\debug\v141\ltcg\secretbox_xchacha20poly1305.obj
c:\users\simon\projekti\eduvpn\edued25519\libsodium\obj\libsodium\win32\debug\v141\ltcg\crypto_sign.obj
c:\users\simon\projekti\eduvpn\edued25519\libsodium\obj\libsodium\win32\debug\v141\ltcg\obsolete.obj
c:\users\simon\projekti\eduvpn\edued25519\libsodium\obj\libsodium\win32\debug\v141\ltcg\beforenm_aes128ctr.obj
c:\users\simon\projekti\eduvpn\edued25519\libsodium\obj\libsodium\win32\debug\v141\ltcg\xor_afternm_aes128ctr.obj
c:\users\simon\projekti\eduvpn\edued25519\libsodium\obj\libsodium\win32\debug\v141\ltcg\stream_salsa20.obj
c:\users\simon\projekti\eduvpn\edued25519\libsodium\obj\libsodium\win32\debug\v141\ltcg\stream_salsa2012_ref.obj
c:\users\simon\projekti\eduvpn\edued25519\libsodium\obj\libsodium\win32\debug\v141\ltcg\stream_salsa208.obj
c:\users\simon\projekti\eduvpn\edued25519\libsodium\obj\libsodium\win32\debug\v141\ltcg\verify.obj
c:\users\simon\projekti\eduvpn\edued25519\libsodium\obj\libsodium\win32\debug\v141\ltcg\randombytes.obj
c:\users\simon\projekti\eduvpn\edued25519\libsodium\obj\libsodium\win32\debug\v141\ltcg\runtime.obj
c:\users\simon\projekti\eduvpn\edued25519\libsodium\obj\libsodium\win32\debug\v141\ltcg\utils.obj
c:\users\simon\projekti\eduvpn\edued25519\libsodium\obj\libsodium\win32\debug\v141\ltcg\crypto_auth.obj
c:\users\simon\projekti\eduvpn\edued25519\libsodium\obj\libsodium\win32\debug\v141\ltcg\auth_hmacsha256.obj
c:\users\simon\projekti\eduvpn\edued25519\libsodium\obj\libsodium\win32\debug\v141\ltcg\auth_hmacsha512.obj
c:\users\simon\projekti\eduvpn\edued25519\libsodium\obj\libsodium\win32\debug\v141\ltcg\crypto_box_seal.obj
c:\users\simon\projekti\eduvpn\edued25519\libsodium\obj\libsodium\win32\debug\v141\ltcg\core_hsalsa20_ref2.obj
c:\users\simon\projekti\eduvpn\edued25519\libsodium\obj\libsodium\win32\debug\v141\ltcg\blake2b-compress-avx2.obj
c:\users\simon\projekti\eduvpn\edued25519\libsodium\obj\libsodium\win32\debug\v141\ltcg\blake2b-ref.obj
c:\users\simon\projekti\eduvpn\edued25519\libsodium\obj\libsodium\win32\debug\v141\ltcg\hash_sha512.obj
c:\users\simon\projekti\eduvpn\edued25519\libsodium\obj\libsodium\win32\debug\v141\ltcg\kdf_blake2b.obj
c:\users\simon\projekti\eduvpn\edued25519\libsodium\obj\libsodium\win32\debug\v141\ltcg\poly1305_sse2.obj
c:\users\simon\projekti\eduvpn\edued25519\libsodium\obj\libsodium\win32\debug\v141\ltcg\argon2-fill-block-ssse3.obj
c:\users\simon\projekti\eduvpn\edued25519\libsodium\obj\libsodium\win32\debug\v141\ltcg\crypto_scrypt-common.obj
c:\users\simon\projekti\eduvpn\edued25519\libsodium\obj\libsodium\win32\debug\v141\ltcg\pwhash_scryptsalsa208sha256_nosse.obj
c:\users\simon\projekti\eduvpn\edued25519\libsodium\obj\libsodium\win32\debug\v141\ltcg\curve25519_sandy2x.obj
c:\users\simon\projekti\eduvpn\edued25519\libsodium\obj\libsodium\win32\debug\v141\ltcg\crypto_secretbox.obj
c:\users\simon\projekti\eduvpn\edued25519\libsodium\obj\libsodium\win32\debug\v141\ltcg\secretbox_xsalsa20poly1305.obj
c:\users\simon\projekti\eduvpn\edued25519\libsodium\obj\libsodium\win32\debug\v141\ltcg\shorthash_siphash24_ref.obj
c:\users\simon\projekti\eduvpn\edued25519\libsodium\obj\libsodium\win32\debug\v141\ltcg\keypair.obj
c:\users\simon\projekti\eduvpn\edued25519\libsodium\obj\libsodium\win32\debug\v141\ltcg\crypto_stream.obj
c:\users\simon\projekti\eduvpn\edued25519\libsodium\obj\libsodium\win32\debug\v141\ltcg\int128_aes128ctr.obj
c:\users\simon\projekti\eduvpn\edued25519\libsodium\obj\libsodium\win32\debug\v141\ltcg\stream_chacha20.obj
c:\users\simon\projekti\eduvpn\edued25519\libsodium\obj\libsodium\win32\debug\v141\ltcg\salsa20_ref.obj
c:\users\simon\projekti\eduvpn\edued25519\libsodium\obj\libsodium\win32\debug\v141\ltcg\salsa20_xmm6int-avx2.obj
c:\users\simon\projekti\eduvpn\edued25519\libsodium\obj\libsodium\win32\debug\v141\ltcg\stream_xsalsa20.obj
c:\users\simon\projekti\eduvpn\edued25519\libsodium\obj\libsodium\win32\debug\v141\ltcg\randombytes_nativeclient.obj
c:\users\simon\projekti\eduvpn\edued25519\libsodium\obj\libsodium\win32\debug\v141\ltcg\core.obj
c:\users\simon\projekti\eduvpn\edued25519\libsodium\obj\libsodium\win32\debug\v141\ltcg\aead_xchacha20poly1305.obj
c:\users\simon\projekti\eduvpn\edued25519\libsodium\obj\libsodium\win32\debug\v141\ltcg\box_curve25519xchacha20poly1305.obj
c:\users\simon\projekti\eduvpn\edued25519\libsodium\obj\libsodium\win32\debug\v141\ltcg\core_hsalsa20.obj
c:\users\simon\projekti\eduvpn\edued25519\libsodium\obj\libsodium\win32\debug\v141\ltcg\core_salsa_ref.obj
c:\users\simon\projekti\eduvpn\edued25519\libsodium\obj\libsodium\win32\debug\v141\ltcg\blake2b-compress-ssse3.obj
c:\users\simon\projekti\eduvpn\edued25519\libsodium\obj\libsodium\win32\debug\v141\ltcg\hash_sha256_cp.obj
c:\users\simon\projekti\eduvpn\edued25519\libsodium\obj\libsodium\win32\debug\v141\ltcg\crypto_onetimeauth.obj
c:\users\simon\projekti\eduvpn\edued25519\libsodium\obj\libsodium\win32\debug\v141\ltcg\crypto_pwhash.obj
c:\users\simon\projekti\eduvpn\edued25519\libsodium\obj\libsodium\win32\debug\v141\ltcg\argon2-core.obj
c:\users\simon\projekti\eduvpn\edued25519\libsodium\obj\libsodium\win32\debug\v141\ltcg\argon2.obj
c:\users\simon\projekti\eduvpn\edued25519\libsodium\obj\libsodium\win32\debug\v141\ltcg\scrypt_platform.obj
c:\users\simon\projekti\eduvpn\edued25519\libsodium\obj\libsodium\win32\debug\v141\ltcg\scalarmult_curve25519.obj
c:\users\simon\projekti\eduvpn\edued25519\libsodium\obj\libsodium\win32\debug\v141\ltcg\x25519_ref10.obj
c:\users\simon\projekti\eduvpn\edued25519\libsodium\obj\libsodium\win32\debug\v141\ltcg\fe_frombytes_sandy2x.obj
c:\users\simon\projekti\eduvpn\edued25519\libsodium\obj\libsodium\win32\debug\v141\ltcg\crypto_shorthash.obj
c:\users\simon\projekti\eduvpn\edued25519\libsodium\obj\libsodium\win32\debug\v141\ltcg\shorthash_siphash24.obj
c:\users\simon\projekti\eduvpn\edued25519\libsodium\obj\libsodium\win32\debug\v141\ltcg\shorthash_siphashx24.obj
c:\users\simon\projekti\eduvpn\edued25519\libsodium\obj\libsodium\win32\debug\v141\ltcg\shorthash_siphashx24_ref.obj
c:\users\simon\projekti\eduvpn\edued25519\libsodium\obj\libsodium\win32\debug\v141\ltcg\sign.obj
c:\users\simon\projekti\eduvpn\edued25519\libsodium\obj\libsodium\win32\debug\v141\ltcg\afternm_aes128ctr.obj
c:\users\simon\projekti\eduvpn\edued25519\libsodium\obj\libsodium\win32\debug\v141\ltcg\chacha20_dolbeau-ssse3.obj
c:\users\simon\projekti\eduvpn\edued25519\libsodium\obj\libsodium\win32\debug\v141\ltcg\salsa20_xmm6.obj
c:\users\simon\projekti\eduvpn\edued25519\libsodium\obj\libsodium\win32\debug\v141\ltcg\salsa20_xmm6int-sse2.obj
c:\users\simon\projekti\eduvpn\edued25519\libsodium\obj\libsodium\win32\debug\v141\ltcg\stream_xchacha20.obj
c:\users\simon\projekti\eduvpn\edued25519\libsodium\obj\libsodium\win32\debug\v141\ltcg\randombytes_sysrandom.obj
c:\users\simon\projekti\eduvpn\edued25519\libsodium\obj\libsodium\win32\debug\v141\ltcg\version.obj
c:\users\simon\projekti\eduvpn\edued25519\libsodium\bin\win32\debug\v141\ltcg\libsodium.lib
c:\users\simon\projekti\eduvpn\edued25519\libsodium\obj\libsodium\win32\debug\v141\ltcg\resource.res
c:\users\simon\projekti\eduvpn\edued25519\libsodium\builds\msvc\vs2017\libsodium\..\..\..\..\bin\win32\debug\v141\ltcg\libsodium.lib
c:\users\simon\projekti\eduvpn\edued25519\libsodium\obj\libsodium\win32\debug\v141\ltcg\libsodium.tlog\cl.command.1.tlog
c:\users\simon\projekti\eduvpn\edued25519\libsodium\obj\libsodium\win32\debug\v141\ltcg\libsodium.tlog\cl.read.1.tlog
c:\users\simon\projekti\eduvpn\edued25519\libsodium\obj\libsodium\win32\debug\v141\ltcg\libsodium.tlog\cl.write.1.tlog
c:\users\simon\projekti\eduvpn\edued25519\libsodium\obj\libsodium\win32\debug\v141\ltcg\libsodium.tlog\lib-link-cvtres.read.1.tlog
c:\users\simon\projekti\eduvpn\edued25519\libsodium\obj\libsodium\win32\debug\v141\ltcg\libsodium.tlog\lib-link-cvtres.write.1.tlog
c:\users\simon\projekti\eduvpn\edued25519\libsodium\obj\libsodium\win32\debug\v141\ltcg\libsodium.tlog\lib.command.1.tlog
c:\users\simon\projekti\eduvpn\edued25519\libsodium\obj\libsodium\win32\debug\v141\ltcg\libsodium.tlog\rc.command.1.tlog
c:\users\simon\projekti\eduvpn\edued25519\libsodium\obj\libsodium\win32\debug\v141\ltcg\libsodium.tlog\rc.read.1.tlog
c:\users\simon\projekti\eduvpn\edued25519\libsodium\obj\libsodium\win32\debug\v141\ltcg\libsodium.tlog\rc.write.1.tlog
